c:\users\t-khm\onedrive\デスクトップ\directxproj\directxproj\debug\vc141.pdb
c:\users\t-khm\onedrive\デスクトップ\directxproj\directxproj\debug\vc141.idb
c:\users\t-khm\onedrive\デスクトップ\directxproj\directxproj\debug\winmain.obj
c:\users\t-khm\onedrive\デスクトップ\directxproj\directxproj\debug\utility.obj
c:\users\t-khm\onedrive\デスクトップ\directxproj\directxproj\debug\graphics.obj
c:\users\t-khm\onedrive\デスクトップ\directxproj\directxproj\debug\wictextureloader.obj
c:\users\t-khm\onedrive\デスクトップ\directxproj\directxproj\debug\ddstextureloader.obj
c:\users\t-khm\onedrive\デスクトップ\directxproj\directxproj\debug\controller.obj
c:\users\t-khm\onedrive\デスクトップ\directxproj\data\pshader.cso
c:\users\t-khm\onedrive\デスクトップ\directxproj\data\vshader.cso
c:\users\t-khm\onedrive\デスクトップ\directxproj\debug\directxproj.ilk
c:\users\t-khm\onedrive\デスクトップ\directxproj\debug\directxproj.exe
c:\users\t-khm\onedrive\デスクトップ\directxproj\debug\directxproj.pdb
c:\users\t-khm\onedrive\デスクトップ\directxproj\directxproj\debug\directxproj.tlog\cl.command.1.tlog
c:\users\t-khm\onedrive\デスクトップ\directxproj\directxproj\debug\directxproj.tlog\cl.read.1.tlog
c:\users\t-khm\onedrive\デスクトップ\directxproj\directxproj\debug\directxproj.tlog\cl.write.1.tlog
c:\users\t-khm\onedrive\デスクトップ\directxproj\directxproj\debug\directxproj.tlog\fxc.command.1.tlog
c:\users\t-khm\onedrive\デスクトップ\directxproj\directxproj\debug\directxproj.tlog\fxc.read.1.tlog
c:\users\t-khm\onedrive\デスクトップ\directxproj\directxproj\debug\directxproj.tlog\fxc.write.1.tlog
c:\users\t-khm\onedrive\デスクトップ\directxproj\directxproj\debug\directxproj.tlog\link.command.1.tlog
c:\users\t-khm\onedrive\デスクトップ\directxproj\directxproj\debug\directxproj.tlog\link.read.1.tlog
c:\users\t-khm\onedrive\デスクトップ\directxproj\directxproj\debug\directxproj.tlog\link.write.1.tlog
