c:\users\t-khm\onedrive\デスクトップ\directxproj\directxproj\release\vc141.pdb
c:\users\t-khm\onedrive\デスクトップ\directxproj\directxproj\release\winmain.obj
c:\users\t-khm\onedrive\デスクトップ\directxproj\directxproj\release\utility.obj
c:\users\t-khm\onedrive\デスクトップ\directxproj\directxproj\release\graphics.obj
c:\users\t-khm\onedrive\デスクトップ\directxproj\directxproj\release\wictextureloader.obj
c:\users\t-khm\onedrive\デスクトップ\directxproj\directxproj\release\ddstextureloader.obj
c:\users\t-khm\onedrive\デスクトップ\directxproj\directxproj\release\controller.obj
c:\users\t-khm\onedrive\デスクトップ\directxproj\release\directxproj.ipdb
c:\users\t-khm\onedrive\デスクトップ\directxproj\release\directxproj.iobj
c:\users\t-khm\onedrive\デスクトップ\directxproj\data\pshader.cso
c:\users\t-khm\onedrive\デスクトップ\directxproj\data\vshader.cso
c:\users\t-khm\onedrive\デスクトップ\directxproj\release\directxproj.exe
c:\users\t-khm\onedrive\デスクトップ\directxproj\release\directxproj.pdb
c:\users\t-khm\onedrive\デスクトップ\directxproj\directxproj\release\directxproj.tlog\cl.command.1.tlog
c:\users\t-khm\onedrive\デスクトップ\directxproj\directxproj\release\directxproj.tlog\cl.read.1.tlog
c:\users\t-khm\onedrive\デスクトップ\directxproj\directxproj\release\directxproj.tlog\cl.write.1.tlog
c:\users\t-khm\onedrive\デスクトップ\directxproj\directxproj\release\directxproj.tlog\directxproj.write.1u.tlog
c:\users\t-khm\onedrive\デスクトップ\directxproj\directxproj\release\directxproj.tlog\fxc.command.1.tlog
c:\users\t-khm\onedrive\デスクトップ\directxproj\directxproj\release\directxproj.tlog\fxc.read.1.tlog
c:\users\t-khm\onedrive\デスクトップ\directxproj\directxproj\release\directxproj.tlog\fxc.write.1.tlog
c:\users\t-khm\onedrive\デスクトップ\directxproj\directxproj\release\directxproj.tlog\link.command.1.tlog
c:\users\t-khm\onedrive\デスクトップ\directxproj\directxproj\release\directxproj.tlog\link.read.1.tlog
c:\users\t-khm\onedrive\デスクトップ\directxproj\directxproj\release\directxproj.tlog\link.write.1.tlog
